# JRE version: OpenJDK Runtime Environment Temurin-21.0.7+6 (21.0.7+6) (build 21.0.7+6-LTS)
# Java VM: OpenJDK 64-Bit Server VM Temurin-21.0.7+6 (21.0.7+6-LTS, mixed mode, emulated-client, sharing, tiered, compressed oops, compressed class ptrs, g1 gc, windows-amd64)
GC Precious Log:
 CardTable entry size: 512
 Card Set container configuration: InlinePtr #cards 4 size 8 Array Of Cards #cards 16 size 48 Howl #buckets 8 coarsen threshold 3686 Howl Bitmap #cards 512 size 80 coarsen threshold 460 Card regions per heap region 1 cards per card region 4096
 CPUs: 8 total, 8 available
 Memory: 16231M
 Large Page Support: Disabled
 NUMA Support: Disabled
 Compressed Oops: Enabled (Zero based)
 Heap Region Size: 2M
 Heap Min Capacity: 8M
 Heap Initial Capacity: 254M
 Heap Max Capacity: 4058M
 Pre-touch: Disabled
 Parallel Workers: 8
 Concurrent Workers: 2
 Concurrent Refinement Workers: 8
 Periodic GC: Disabled
Heap:
 garbage-first heap   total 102400K, used 47902K [0x0000000702600000, 0x0000000800000000)
  region size 2048K, 10 young (20480K), 3 survivors (6144K)
 Metaspace       used 79980K, committed 80640K, reserved 1179648K
  class space    used 10970K, committed 11264K, reserved 1048576K
GC Heap History (20 events):
Event: 5.331 GC heap before
{Heap before GC invocations=17 (full 0):
 garbage-first heap   total 92160K, used 75154K [0x0000000702600000, 0x0000000800000000)
  region size 2048K, 27 young (55296K), 3 survivors (6144K)
 Metaspace       used 62144K, committed 62784K, reserved 1114112K
  class space    used 8455K, committed 8768K, reserved 1048576K
}
Event: 5.335 GC heap after
{Heap after GC invocations=18 (full 0):
 garbage-first heap   total 110592K, used 28974K [0x0000000702600000, 0x0000000800000000)
  region size 2048K, 3 young (6144K), 3 survivors (6144K)
 Metaspace       used 62144K, committed 62784K, reserved 1114112K
  class space    used 8455K, committed 8768K, reserved 1048576K
}
Event: 5.750 GC heap before
{Heap before GC invocations=18 (full 0):
 garbage-first heap   total 110592K, used 88366K [0x0000000702600000, 0x0000000800000000)
  region size 2048K, 32 young (65536K), 3 survivors (6144K)
 Metaspace       used 67670K, committed 68352K, reserved 1114112K
  class space    used 9222K, committed 9536K, reserved 1048576K
}
Event: 5.755 GC heap after
{Heap after GC invocations=19 (full 0):
 garbage-first heap   total 110592K, used 30990K [0x0000000702600000, 0x0000000800000000)
  region size 2048K, 3 young (6144K), 3 survivors (6144K)
 Metaspace       used 67670K, committed 68352K, reserved 1114112K
  class space    used 9222K, committed 9536K, reserved 1048576K
}
Event: 6.227 GC heap before
{Heap before GC invocations=19 (full 0):
 garbage-first heap   total 110592K, used 90382K [0x0000000702600000, 0x0000000800000000)
  region size 2048K, 32 young (65536K), 3 survivors (6144K)
 Metaspace       used 71231K, committed 72000K, reserved 1114112K
  class space    used 9746K, committed 10112K, reserved 1048576K
}
Event: 6.232 GC heap after
{Heap after GC invocations=20 (full 0):
 garbage-first heap   total 110592K, used 34417K [0x0000000702600000, 0x0000000800000000)
  region size 2048K, 4 young (8192K), 4 survivors (8192K)
 Metaspace       used 71231K, committed 72000K, reserved 1114112K
  class space    used 9746K, committed 10112K, reserved 1048576K
}
Event: 6.802 GC heap before
{Heap before GC invocations=20 (full 0):
 garbage-first heap   total 110592K, used 89713K [0x0000000702600000, 0x0000000800000000)
  region size 2048K, 32 young (65536K), 4 survivors (8192K)
 Metaspace       used 75311K, committed 76032K, reserved 1179648K
  class space    used 10390K, committed 10688K, reserved 1048576K
}
Event: 6.809 GC heap after
{Heap after GC invocations=21 (full 0):
 garbage-first heap   total 110592K, used 38337K [0x0000000702600000, 0x0000000800000000)
  region size 2048K, 4 young (8192K), 4 survivors (8192K)
 Metaspace       used 75311K, committed 76032K, reserved 1179648K
  class space    used 10390K, committed 10688K, reserved 1048576K
}
Event: 121.709 GC heap before
{Heap before GC invocations=21 (full 0):
 garbage-first heap   total 110592K, used 87489K [0x0000000702600000, 0x0000000800000000)
  region size 2048K, 29 young (59392K), 4 survivors (8192K)
 Metaspace       used 78819K, committed 79680K, reserved 1179648K
  class space    used 10850K, committed 11264K, reserved 1048576K
}
Event: 121.713 GC heap after
{Heap after GC invocations=22 (full 0):
 garbage-first heap   total 133120K, used 38069K [0x0000000702600000, 0x0000000800000000)
  region size 2048K, 1 young (2048K), 1 survivors (2048K)
 Metaspace       used 78819K, committed 79680K, reserved 1179648K
  class space    used 10850K, committed 11264K, reserved 1048576K
}
Event: 326.212 GC heap before
{Heap before GC invocations=23 (full 0):
 garbage-first heap   total 131072K, used 74933K [0x0000000702600000, 0x0000000800000000)
  region size 2048K, 20 young (40960K), 1 survivors (2048K)
 Metaspace       used 78680K, committed 79744K, reserved 1179648K
  class space    used 10821K, committed 11264K, reserved 1048576K
}
Event: 326.253 GC heap after
{Heap after GC invocations=24 (full 1):
 garbage-first heap   total 102400K, used 26217K [0x0000000702600000, 0x0000000800000000)
  region size 2048K, 0 young (0K), 0 survivors (0K)
 Metaspace       used 78604K, committed 79744K, reserved 1179648K
  class space    used 10801K, committed 11264K, reserved 1048576K
}
Event: 327.174 GC heap before
{Heap before GC invocations=24 (full 1):
 garbage-first heap   total 102400K, used 85609K [0x0000000702600000, 0x0000000800000000)
  region size 2048K, 30 young (61440K), 0 survivors (0K)
 Metaspace       used 78998K, committed 79744K, reserved 1179648K
  class space    used 10873K, committed 11264K, reserved 1048576K
}
Event: 327.178 GC heap after
{Heap after GC invocations=25 (full 1):
 garbage-first heap   total 102400K, used 32779K [0x0000000702600000, 0x0000000800000000)
  region size 2048K, 4 young (8192K), 4 survivors (8192K)
 Metaspace       used 78998K, committed 79744K, reserved 1179648K
  class space    used 10873K, committed 11264K, reserved 1048576K
}
Event: 336.725 GC heap before
{Heap before GC invocations=26 (full 1):
 garbage-first heap   total 102400K, used 81931K [0x0000000702600000, 0x0000000800000000)
  region size 2048K, 28 young (57344K), 4 survivors (8192K)
 Metaspace       used 79481K, committed 80192K, reserved 1179648K
  class space    used 10920K, committed 11264K, reserved 1048576K
}
Event: 336.731 GC heap after
{Heap after GC invocations=27 (full 1):
 garbage-first heap   total 102400K, used 37421K [0x0000000702600000, 0x0000000800000000)
  region size 2048K, 3 young (6144K), 3 survivors (6144K)
 Metaspace       used 79481K, committed 80192K, reserved 1179648K
  class space    used 10920K, committed 11264K, reserved 1048576K
}
Event: 364.240 GC heap before
{Heap before GC invocations=27 (full 1):
 garbage-first heap   total 102400K, used 45613K [0x0000000702600000, 0x0000000800000000)
  region size 2048K, 8 young (16384K), 3 survivors (6144K)
 Metaspace       used 79701K, committed 80384K, reserved 1179648K
  class space    used 10934K, committed 11264K, reserved 1048576K
}
Event: 364.288 GC heap after
{Heap after GC invocations=28 (full 2):
 garbage-first heap   total 102400K, used 30456K [0x0000000702600000, 0x0000000800000000)
  region size 2048K, 0 young (0K), 0 survivors (0K)
 Metaspace       used 79629K, committed 80384K, reserved 1179648K
  class space    used 10916K, committed 11264K, reserved 1048576K
}
Event: 365.004 GC heap before
{Heap before GC invocations=28 (full 2):
 garbage-first heap   total 102400K, used 83704K [0x0000000702600000, 0x0000000800000000)
  region size 2048K, 27 young (55296K), 0 survivors (0K)
 Metaspace       used 79876K, committed 80576K, reserved 1179648K
  class space    used 10957K, committed 11264K, reserved 1048576K
}
Event: 365.007 GC heap after
{Heap after GC invocations=29 (full 2):
 garbage-first heap   total 102400K, used 35614K [0x0000000702600000, 0x0000000800000000)
  region size 2048K, 3 young (6144K), 3 survivors (6144K)
 Metaspace       used 79876K, committed 80576K, reserved 1179648K
  class space    used 10957K, committed 11264K, reserved 1048576K
}

